<?xml version="1.0" encoding="UTF-8"?>
<!-- Generated by org.testng.reporters.JUnitXMLReporter -->
<testsuite ignored="0" hostname="DESKTOP-4098F1B" failures="0" tests="5" name="Default test" time="54.981" errors="0" timestamp="2025-06-19T06:17:49 IST">
  <testcase classname="TestNG.DynamicTestdata" name="testdata" time="15.419"/>
  <testcase classname="TestNG.DynamicTestdata" name="testdata" time="9.82"/>
  <testcase classname="TestNG.DynamicTestdata" name="testdata" time="10.115"/>
  <testcase classname="TestNG.DynamicTestdata" name="testdata" time="9.942"/>
  <testcase classname="TestNG.DynamicTestdata" name="testdata" time="9.604"/>
</testsuite> <!-- Default test -->
