<?xml version="1.0" encoding="UTF-8"?>
<testng-results ignored="0" total="5" passed="5" failed="0" skipped="0">
  <reporter-output>
  </reporter-output>
  <suite started-at="2025-06-19T06:16:54 IST" name="Default suite" finished-at="2025-06-19T06:17:49 IST" duration-ms="54981">
    <groups>
    </groups>
    <test started-at="2025-06-19T06:16:54 IST" name="Default test" finished-at="2025-06-19T06:17:49 IST" duration-ms="54981">
      <class name="TestNG.DynamicTestdata">
        <test-method signature="testdata()[pri:0, instance:TestNG.DynamicTestdata@7eac9008]" started-at="2025-06-19T06:16:54 IST" name="testdata" finished-at="2025-06-19T06:17:10 IST" duration-ms="15419" status="PASS">
          <reporter-output>
          </reporter-output>
        </test-method> <!-- testdata -->
        <test-method signature="testdata()[pri:0, instance:TestNG.DynamicTestdata@7eac9008]" started-at="2025-06-19T06:17:10 IST" name="testdata" finished-at="2025-06-19T06:17:19 IST" duration-ms="9820" status="PASS">
          <reporter-output>
          </reporter-output>
        </test-method> <!-- testdata -->
        <test-method signature="testdata()[pri:0, instance:TestNG.DynamicTestdata@7eac9008]" started-at="2025-06-19T06:17:19 IST" name="testdata" finished-at="2025-06-19T06:17:30 IST" duration-ms="10115" status="PASS">
          <reporter-output>
          </reporter-output>
        </test-method> <!-- testdata -->
        <test-method signature="testdata()[pri:0, instance:TestNG.DynamicTestdata@7eac9008]" started-at="2025-06-19T06:17:30 IST" name="testdata" finished-at="2025-06-19T06:17:40 IST" duration-ms="9942" status="PASS">
          <reporter-output>
          </reporter-output>
        </test-method> <!-- testdata -->
        <test-method signature="testdata()[pri:0, instance:TestNG.DynamicTestdata@7eac9008]" started-at="2025-06-19T06:17:40 IST" name="testdata" finished-at="2025-06-19T06:17:49 IST" duration-ms="9604" status="PASS">
          <reporter-output>
          </reporter-output>
        </test-method> <!-- testdata -->
      </class> <!-- TestNG.DynamicTestdata -->
    </test> <!-- Default test -->
  </suite> <!-- Default suite -->
</testng-results>
