<?xml version="1.0" encoding="UTF-8"?>
<!-- Generated by org.testng.reporters.JUnitXMLReporter -->
<testsuite ignored="2" hostname="DESKTOP-4098F1B" failures="0" tests="3" name="Test" time="0.079" errors="0" timestamp="2025-06-02T11:29:49 IST">
  <testcase classname="TestNG.GroupingTopic" name="four" time="0.013"/>
  <testcase classname="TestNG.GroupingTopic" name="one" time="0.001"/>
  <testcase classname="TestNG.GroupingTopic" name="three" time="0.001"/>
  <testcase classname="TestNG.GroupingTopic" name="two" time="0.0">
    <ignored/>
  </testcase> <!-- two -->
  <testcase classname="TestNG.GroupingTopic" name="five" time="0.0">
    <ignored/>
  </testcase> <!-- five -->
</testsuite> <!-- Test -->
