<?xml version="1.0" encoding="UTF-8"?>
<!-- Generated by org.testng.reporters.JUnitXMLReporter -->
<testsuite ignored="2" hostname="usa0300vm3739" failures="0" tests="3" name="Test" time="0.044" errors="0" timestamp="2024-12-04T01:37:44 EST">
  <testcase classname="TestNG.GroupingTopic" name="four" time="0.006"/>
  <testcase classname="TestNG.GroupingTopic" name="one" time="0.001"/>
  <testcase classname="TestNG.GroupingTopic" name="three" time="0.003"/>
  <testcase classname="TestNG.GroupingTopic" name="two" time="0.0">
    <ignored/>
  </testcase> <!-- two -->
  <testcase classname="TestNG.GroupingTopic" name="five" time="0.0">
    <ignored/>
  </testcase> <!-- five -->
</testsuite> <!-- Test -->
