<?xml version="1.0" encoding="UTF-8"?>
<!-- Generated by org.testng.reporters.JUnitXMLReporter -->
<testsuite ignored="0" hostname="usa0300vm3739" failures="0" tests="1" name="Test1" time="13.462" errors="0" timestamp="2024-12-03T04:45:44 EST">
  <testcase classname="TestNG.MockInterview_MKT" name="@BeforeTest initiate" time="0.006">
    <failure type="java.lang.NullPointerException" message="Cannot invoke &amp;quot;org.openqa.selenium.WebDriver.navigate()&amp;quot; because &amp;quot;this.driver&amp;quot; is null">
      <![CDATA[java.lang.NullPointerException: Cannot invoke "org.openqa.selenium.WebDriver.navigate()" because "this.driver" is null
at TestNG.MockInterview_MKT.initiate(MockInterview_MKT.java:31)
at java.base/java.util.concurrent.FutureTask.run(FutureTask.java:264)
at java.base/java.util.concurrent.ThreadPoolExecutor.runWorker(ThreadPoolExecutor.java:1130)
at java.base/java.util.concurrent.ThreadPoolExecutor$Worker.run(ThreadPoolExecutor.java:630)
at java.base/java.lang.Thread.run(Thread.java:831)
... Removed 14 stack frames]]>
    </failure>
  </testcase> <!-- @BeforeTest initiate -->
  <testcase classname="TestNG.MockInterview_MKT" name="@AfterTest quit_Facebook" time="0.0">
    <skipped/>
  </testcase> <!-- @AfterTest quit_Facebook -->
  <testcase classname="TestNG.MockInterview_MKT" name="fb_Login" time="3.203"/>
</testsuite> <!-- Test1 -->
