<?xml version="1.0" encoding="UTF-8"?>
<!-- Generated by org.testng.reporters.JUnitXMLReporter -->
<testsuite ignored="0" hostname="usa0300vm3739" failures="1" tests="1" name="TestinExplorer" time="1.439" errors="0" timestamp="2024-10-02T12:52:03 EDT">
  <testcase classname="TestNG.BrowserSelection" name="launch" time="1.433">
    <failure type="org.openqa.selenium.SessionNotCreatedException" message="Could not start a new session. Response code 500. Message: Unexpected error launching Internet Explorer. Protected Mode settings are not the same for all zones. Enable Protected Mode must be set to the same value (enabled or disabled) for all zones. 
Host info: host: &amp;apos;USA0300VM3739&amp;apos;, ip: &amp;apos;13.129.76.203&amp;apos;
Build info: version: &amp;apos;4.23.0&amp;apos;, revision: &amp;apos;4df0a231af&amp;apos;
System info: os.name: &amp;apos;Windows Server 2016&amp;apos;, os.arch: &amp;apos;amd64&amp;apos;, os.version: &amp;apos;10.0&amp;apos;, java.version: &amp;apos;16.0.1&amp;apos;
Driver info: org.openqa.selenium.ie.InternetExplorerDriver
Command: [null, newSession {capabilities=[Capabilities {browserName: internet explorer, se:ieOptions: {}}]}]
Capabilities {}">
      <![CDATA[org.openqa.selenium.SessionNotCreatedException: Could not start a new session. Response code 500. Message: Unexpected error launching Internet Explorer. Protected Mode settings are not the same for all zones. Enable Protected Mode must be set to the same value (enabled or disabled) for all zones. 
Host info: host: 'USA0300VM3739', ip: '13.129.76.203'
Build info: version: '4.23.0', revision: '4df0a231af'
System info: os.name: 'Windows Server 2016', os.arch: 'amd64', os.version: '10.0', java.version: '16.0.1'
Driver info: org.openqa.selenium.ie.InternetExplorerDriver
Command: [null, newSession {capabilities=[Capabilities {browserName: internet explorer, se:ieOptions: {}}]}]
Capabilities {}
at org.openqa.selenium.remote.ProtocolHandshake.createSession(ProtocolHandshake.java:114)
at org.openqa.selenium.remote.ProtocolHandshake.createSession(ProtocolHandshake.java:75)
at org.openqa.selenium.remote.ProtocolHandshake.createSession(ProtocolHandshake.java:61)
at org.openqa.selenium.remote.HttpCommandExecutor.execute(HttpCommandExecutor.java:162)
at org.openqa.selenium.remote.service.DriverCommandExecutor.invokeExecute(DriverCommandExecutor.java:216)
at org.openqa.selenium.remote.service.DriverCommandExecutor.execute(DriverCommandExecutor.java:174)
at org.openqa.selenium.remote.RemoteWebDriver.execute(RemoteWebDriver.java:527)
at org.openqa.selenium.remote.RemoteWebDriver.startSession(RemoteWebDriver.java:234)
at org.openqa.selenium.ie.InternetExplorerDriver.run(InternetExplorerDriver.java:146)
at org.openqa.selenium.ie.InternetExplorerDriver.<init>(InternetExplorerDriver.java:132)
at org.openqa.selenium.ie.InternetExplorerDriver.<init>(InternetExplorerDriver.java:88)
at TestNG.BrowserSelection.launch(BrowserSelection.java:26)
at java.base/java.util.ArrayList.forEach(ArrayList.java:1511)
... Removed 27 stack frames]]>
    </failure>
  </testcase> <!-- launch -->
</testsuite> <!-- TestinExplorer -->
