<?xml version="1.0" encoding="UTF-8"?>
<!-- Generated by org.testng.reporters.JUnitXMLReporter -->
<testsuite ignored="0" hostname="usa0300vm3739" failures="0" tests="5" name="Test" time="34.227" errors="0" timestamp="2025-03-27T07:18:27 EDT">
  <testcase classname="tests.FourTest" name="testFour" time="0.01"/>
  <testcase classname="tests.TwoTest" name="testTwo" time="0.001"/>
  <testcase classname="tests.LoginTest" name="login" time="5.14"/>
  <testcase classname="tests.LoginTest" name="login" time="14.588"/>
  <testcase classname="tests.ThreeTest" name="testThree" time="0.007"/>
</testsuite> <!-- Test -->
